2022-04-03T11:17:39,672 - CPUUtilization.Percent:100.0|#Level:Host|#hostname:MacBook-Air-2.local,timestamp:1648952259
2022-04-03T11:17:39,690 - DiskAvailable.Gigabytes:104.3012466430664|#Level:Host|#hostname:MacBook-Air-2.local,timestamp:1648952259
2022-04-03T11:17:39,691 - DiskUsage.Gigabytes:123.97261810302734|#Level:Host|#hostname:MacBook-Air-2.local,timestamp:1648952259
2022-04-03T11:17:39,691 - DiskUtilization.Percent:54.3|#Level:Host|#hostname:MacBook-Air-2.local,timestamp:1648952259
2022-04-03T11:17:39,691 - MemoryAvailable.Megabytes:2807.09375|#Level:Host|#hostname:MacBook-Air-2.local,timestamp:1648952259
2022-04-03T11:17:39,692 - MemoryUsed.Megabytes:4038.15625|#Level:Host|#hostname:MacBook-Air-2.local,timestamp:1648952259
2022-04-03T11:17:39,692 - MemoryUtilization.Percent:65.7|#Level:Host|#hostname:MacBook-Air-2.local,timestamp:1648952259
2022-04-03T11:27:00,951 - CPUUtilization.Percent:0.0|#Level:Host|#hostname:MacBook-Air-2.local,timestamp:1648952820
2022-04-03T11:27:00,959 - DiskAvailable.Gigabytes:104.29602813720703|#Level:Host|#hostname:MacBook-Air-2.local,timestamp:1648952820
2022-04-03T11:27:00,961 - DiskUsage.Gigabytes:123.97783660888672|#Level:Host|#hostname:MacBook-Air-2.local,timestamp:1648952820
2022-04-03T11:27:00,962 - DiskUtilization.Percent:54.3|#Level:Host|#hostname:MacBook-Air-2.local,timestamp:1648952820
2022-04-03T11:27:00,962 - MemoryAvailable.Megabytes:2685.5|#Level:Host|#hostname:MacBook-Air-2.local,timestamp:1648952820
2022-04-03T11:27:00,962 - MemoryUsed.Megabytes:3927.890625|#Level:Host|#hostname:MacBook-Air-2.local,timestamp:1648952820
2022-04-03T11:27:00,962 - MemoryUtilization.Percent:67.2|#Level:Host|#hostname:MacBook-Air-2.local,timestamp:1648952820
2022-04-03T11:27:38,545 - W-9005-my_tc_1.0.ms:40044|#Level:Host|#hostname:MacBook-Air-2.local,timestamp:1648952858
2022-04-03T11:27:38,545 - W-9006-my_tc_1.0.ms:40044|#Level:Host|#hostname:MacBook-Air-2.local,timestamp:1648952858
2022-04-03T11:27:38,545 - W-9004-my_tc_1.0.ms:40048|#Level:Host|#hostname:MacBook-Air-2.local,timestamp:1648952858
2022-04-03T11:27:38,573 - W-9002-my_tc_1.0.ms:40079|#Level:Host|#hostname:MacBook-Air-2.local,timestamp:1648952858
2022-04-03T11:27:38,573 - W-9003-my_tc_1.0.ms:40078|#Level:Host|#hostname:MacBook-Air-2.local,timestamp:1648952858
2022-04-03T11:27:38,573 - W-9000-my_tc_1.0.ms:40085|#Level:Host|#hostname:MacBook-Air-2.local,timestamp:1648952858
2022-04-03T11:27:38,572 - W-9007-my_tc_1.0.ms:40071|#Level:Host|#hostname:MacBook-Air-2.local,timestamp:1648952858
2022-04-03T11:27:38,584 - WorkerThreadTime.ms:87|#Level:Host|#hostname:MacBook-Air-2.local,timestamp:null
2022-04-03T11:27:38,584 - WorkerThreadTime.ms:198|#Level:Host|#hostname:MacBook-Air-2.local,timestamp:null
2022-04-03T11:27:38,585 - WorkerThreadTime.ms:164|#Level:Host|#hostname:MacBook-Air-2.local,timestamp:null
2022-04-03T11:27:38,586 - WorkerThreadTime.ms:161|#Level:Host|#hostname:MacBook-Air-2.local,timestamp:null
2022-04-03T11:27:38,586 - WorkerThreadTime.ms:201|#Level:Host|#hostname:MacBook-Air-2.local,timestamp:null
2022-04-03T11:27:38,586 - WorkerThreadTime.ms:92|#Level:Host|#hostname:MacBook-Air-2.local,timestamp:null
2022-04-03T11:27:38,587 - WorkerThreadTime.ms:158|#Level:Host|#hostname:MacBook-Air-2.local,timestamp:null
2022-04-03T11:27:38,587 - W-9001-my_tc_1.0.ms:40096|#Level:Host|#hostname:MacBook-Air-2.local,timestamp:1648952858
2022-04-03T11:27:38,588 - WorkerThreadTime.ms:153|#Level:Host|#hostname:MacBook-Air-2.local,timestamp:null
2022-04-03T11:28:01,599 - CPUUtilization.Percent:50.0|#Level:Host|#hostname:MacBook-Air-2.local,timestamp:1648952881
2022-04-03T11:28:01,601 - DiskAvailable.Gigabytes:101.29653549194336|#Level:Host|#hostname:MacBook-Air-2.local,timestamp:1648952881
2022-04-03T11:28:01,601 - DiskUsage.Gigabytes:126.97732925415039|#Level:Host|#hostname:MacBook-Air-2.local,timestamp:1648952881
2022-04-03T11:28:01,601 - DiskUtilization.Percent:55.6|#Level:Host|#hostname:MacBook-Air-2.local,timestamp:1648952881
2022-04-03T11:28:01,601 - MemoryAvailable.Megabytes:1953.03125|#Level:Host|#hostname:MacBook-Air-2.local,timestamp:1648952881
2022-04-03T11:28:01,601 - MemoryUsed.Megabytes:2151.546875|#Level:Host|#hostname:MacBook-Air-2.local,timestamp:1648952881
2022-04-03T11:28:01,601 - MemoryUtilization.Percent:76.2|#Level:Host|#hostname:MacBook-Air-2.local,timestamp:1648952881
2022-04-03T11:28:14,527 - Requests2XX.Count:1|#Level:Host|#hostname:MacBook-Air-2.local,timestamp:null
2022-04-03T11:28:43,714 - Requests5XX.Count:1|#Level:Host|#hostname:MacBook-Air-2.local,timestamp:null
2022-04-03T11:28:43,730 - WorkerThreadTime.ms:27|#Level:Host|#hostname:MacBook-Air-2.local,timestamp:null
2022-04-03T11:29:00,955 - CPUUtilization.Percent:50.0|#Level:Host|#hostname:MacBook-Air-2.local,timestamp:1648952940
2022-04-03T11:29:00,956 - DiskAvailable.Gigabytes:102.29696273803711|#Level:Host|#hostname:MacBook-Air-2.local,timestamp:1648952940
2022-04-03T11:29:00,956 - DiskUsage.Gigabytes:125.97690200805664|#Level:Host|#hostname:MacBook-Air-2.local,timestamp:1648952940
2022-04-03T11:29:00,956 - DiskUtilization.Percent:55.2|#Level:Host|#hostname:MacBook-Air-2.local,timestamp:1648952940
2022-04-03T11:29:00,957 - MemoryAvailable.Megabytes:1321.5625|#Level:Host|#hostname:MacBook-Air-2.local,timestamp:1648952940
2022-04-03T11:29:00,957 - MemoryUsed.Megabytes:2463.546875|#Level:Host|#hostname:MacBook-Air-2.local,timestamp:1648952940
2022-04-03T11:29:00,957 - MemoryUtilization.Percent:83.9|#Level:Host|#hostname:MacBook-Air-2.local,timestamp:1648952940
2022-04-03T11:29:01,481 - Requests5XX.Count:1|#Level:Host|#hostname:MacBook-Air-2.local,timestamp:null
2022-04-03T11:29:01,481 - WorkerThreadTime.ms:3|#Level:Host|#hostname:MacBook-Air-2.local,timestamp:null
2022-04-03T11:29:07,944 - Requests2XX.Count:1|#Level:Host|#hostname:MacBook-Air-2.local,timestamp:null
2022-04-03T11:30:00,939 - CPUUtilization.Percent:0.0|#Level:Host|#hostname:MacBook-Air-2.local,timestamp:1648953000
2022-04-03T11:30:00,941 - DiskAvailable.Gigabytes:102.29654312133789|#Level:Host|#hostname:MacBook-Air-2.local,timestamp:1648953000
2022-04-03T11:30:00,942 - DiskUsage.Gigabytes:125.97732162475586|#Level:Host|#hostname:MacBook-Air-2.local,timestamp:1648953000
2022-04-03T11:30:00,943 - DiskUtilization.Percent:55.2|#Level:Host|#hostname:MacBook-Air-2.local,timestamp:1648953000
2022-04-03T11:30:00,948 - MemoryAvailable.Megabytes:1303.21875|#Level:Host|#hostname:MacBook-Air-2.local,timestamp:1648953000
2022-04-03T11:30:00,951 - MemoryUsed.Megabytes:2582.0|#Level:Host|#hostname:MacBook-Air-2.local,timestamp:1648953000
2022-04-03T11:30:00,953 - MemoryUtilization.Percent:84.1|#Level:Host|#hostname:MacBook-Air-2.local,timestamp:1648953000
2022-04-03T11:31:01,508 - CPUUtilization.Percent:100.0|#Level:Host|#hostname:MacBook-Air-2.local,timestamp:1648953061
2022-04-03T11:31:01,510 - DiskAvailable.Gigabytes:102.29324722290039|#Level:Host|#hostname:MacBook-Air-2.local,timestamp:1648953061
2022-04-03T11:31:01,511 - DiskUsage.Gigabytes:125.98061752319336|#Level:Host|#hostname:MacBook-Air-2.local,timestamp:1648953061
2022-04-03T11:31:01,512 - DiskUtilization.Percent:55.2|#Level:Host|#hostname:MacBook-Air-2.local,timestamp:1648953061
2022-04-03T11:31:01,512 - MemoryAvailable.Megabytes:1341.40625|#Level:Host|#hostname:MacBook-Air-2.local,timestamp:1648953061
2022-04-03T11:31:01,512 - MemoryUsed.Megabytes:2523.015625|#Level:Host|#hostname:MacBook-Air-2.local,timestamp:1648953061
2022-04-03T11:31:01,512 - MemoryUtilization.Percent:83.6|#Level:Host|#hostname:MacBook-Air-2.local,timestamp:1648953061
2022-04-03T11:32:00,956 - CPUUtilization.Percent:0.0|#Level:Host|#hostname:MacBook-Air-2.local,timestamp:1648953120
2022-04-03T11:32:00,957 - DiskAvailable.Gigabytes:102.28641510009766|#Level:Host|#hostname:MacBook-Air-2.local,timestamp:1648953120
2022-04-03T11:32:00,957 - DiskUsage.Gigabytes:125.9874496459961|#Level:Host|#hostname:MacBook-Air-2.local,timestamp:1648953120
2022-04-03T11:32:00,958 - DiskUtilization.Percent:55.2|#Level:Host|#hostname:MacBook-Air-2.local,timestamp:1648953120
2022-04-03T11:32:00,958 - MemoryAvailable.Megabytes:1371.578125|#Level:Host|#hostname:MacBook-Air-2.local,timestamp:1648953120
2022-04-03T11:32:00,958 - MemoryUsed.Megabytes:2546.90625|#Level:Host|#hostname:MacBook-Air-2.local,timestamp:1648953120
2022-04-03T11:32:00,958 - MemoryUtilization.Percent:83.3|#Level:Host|#hostname:MacBook-Air-2.local,timestamp:1648953120
2022-04-03T11:32:11,384 - Requests2XX.Count:1|#Level:Host|#hostname:MacBook-Air-2.local,timestamp:null
2022-04-03T11:35:45,949 - CPUUtilization.Percent:0.0|#Level:Host|#hostname:MacBook-Air-2.local,timestamp:1648953345
2022-04-03T11:35:45,995 - DiskAvailable.Gigabytes:103.29696655273438|#Level:Host|#hostname:MacBook-Air-2.local,timestamp:1648953345
2022-04-03T11:35:45,995 - DiskUsage.Gigabytes:124.97689819335938|#Level:Host|#hostname:MacBook-Air-2.local,timestamp:1648953345
2022-04-03T11:35:45,997 - DiskUtilization.Percent:54.7|#Level:Host|#hostname:MacBook-Air-2.local,timestamp:1648953345
2022-04-03T11:35:46,010 - MemoryAvailable.Megabytes:2932.578125|#Level:Host|#hostname:MacBook-Air-2.local,timestamp:1648953345
2022-04-03T11:35:46,029 - MemoryUsed.Megabytes:4158.5625|#Level:Host|#hostname:MacBook-Air-2.local,timestamp:1648953345
2022-04-03T11:35:46,029 - MemoryUtilization.Percent:64.2|#Level:Host|#hostname:MacBook-Air-2.local,timestamp:1648953345
2022-04-03T11:36:19,109 - W-9000-my_tc_1.0.ms:34838|#Level:Host|#hostname:MacBook-Air-2.local,timestamp:1648953379
2022-04-03T11:36:19,182 - WorkerThreadTime.ms:454|#Level:Host|#hostname:MacBook-Air-2.local,timestamp:null
2022-04-03T11:36:19,177 - W-9007-my_tc_1.0.ms:34903|#Level:Host|#hostname:MacBook-Air-2.local,timestamp:1648953379
2022-04-03T11:36:19,177 - W-9001-my_tc_1.0.ms:34905|#Level:Host|#hostname:MacBook-Air-2.local,timestamp:1648953379
2022-04-03T11:36:19,177 - W-9005-my_tc_1.0.ms:34903|#Level:Host|#hostname:MacBook-Air-2.local,timestamp:1648953379
2022-04-03T11:36:19,177 - W-9003-my_tc_1.0.ms:34904|#Level:Host|#hostname:MacBook-Air-2.local,timestamp:1648953379
2022-04-03T11:36:19,177 - W-9006-my_tc_1.0.ms:34903|#Level:Host|#hostname:MacBook-Air-2.local,timestamp:1648953379
2022-04-03T11:36:19,177 - W-9004-my_tc_1.0.ms:34903|#Level:Host|#hostname:MacBook-Air-2.local,timestamp:1648953379
2022-04-03T11:36:19,177 - W-9002-my_tc_1.0.ms:34904|#Level:Host|#hostname:MacBook-Air-2.local,timestamp:1648953379
2022-04-03T11:36:19,189 - WorkerThreadTime.ms:458|#Level:Host|#hostname:MacBook-Air-2.local,timestamp:null
2022-04-03T11:36:19,200 - WorkerThreadTime.ms:471|#Level:Host|#hostname:MacBook-Air-2.local,timestamp:null
2022-04-03T11:36:19,200 - WorkerThreadTime.ms:473|#Level:Host|#hostname:MacBook-Air-2.local,timestamp:null
2022-04-03T11:36:19,216 - WorkerThreadTime.ms:488|#Level:Host|#hostname:MacBook-Air-2.local,timestamp:null
2022-04-03T11:36:19,221 - WorkerThreadTime.ms:490|#Level:Host|#hostname:MacBook-Air-2.local,timestamp:null
2022-04-03T11:36:19,216 - WorkerThreadTime.ms:482|#Level:Host|#hostname:MacBook-Air-2.local,timestamp:null
2022-04-03T11:36:19,216 - WorkerThreadTime.ms:489|#Level:Host|#hostname:MacBook-Air-2.local,timestamp:null
2022-04-03T11:36:36,345 - Requests4XX.Count:1|#Level:Host|#hostname:MacBook-Air-2.local,timestamp:null
2022-04-03T11:36:46,500 - CPUUtilization.Percent:0.0|#Level:Host|#hostname:MacBook-Air-2.local,timestamp:1648953406
2022-04-03T11:36:46,504 - DiskAvailable.Gigabytes:102.29510116577148|#Level:Host|#hostname:MacBook-Air-2.local,timestamp:1648953406
2022-04-03T11:36:46,508 - DiskUsage.Gigabytes:125.97876358032227|#Level:Host|#hostname:MacBook-Air-2.local,timestamp:1648953406
2022-04-03T11:36:46,509 - DiskUtilization.Percent:55.2|#Level:Host|#hostname:MacBook-Air-2.local,timestamp:1648953406
2022-04-03T11:36:46,509 - MemoryAvailable.Megabytes:1333.28125|#Level:Host|#hostname:MacBook-Air-2.local,timestamp:1648953406
2022-04-03T11:36:46,509 - MemoryUsed.Megabytes:2589.453125|#Level:Host|#hostname:MacBook-Air-2.local,timestamp:1648953406
2022-04-03T11:36:46,510 - MemoryUtilization.Percent:83.7|#Level:Host|#hostname:MacBook-Air-2.local,timestamp:1648953406
2022-04-03T11:36:57,397 - Requests5XX.Count:1|#Level:Host|#hostname:MacBook-Air-2.local,timestamp:null
2022-04-03T11:36:57,402 - WorkerThreadTime.ms:23|#Level:Host|#hostname:MacBook-Air-2.local,timestamp:null
2022-04-03T11:37:31,013 - Requests5XX.Count:1|#Level:Host|#hostname:MacBook-Air-2.local,timestamp:null
2022-04-03T11:37:31,014 - WorkerThreadTime.ms:34|#Level:Host|#hostname:MacBook-Air-2.local,timestamp:null
2022-04-03T11:37:42,986 - Requests4XX.Count:1|#Level:Host|#hostname:MacBook-Air-2.local,timestamp:null
2022-04-03T11:37:45,896 - CPUUtilization.Percent:100.0|#Level:Host|#hostname:MacBook-Air-2.local,timestamp:1648953465
2022-04-03T11:37:45,900 - DiskAvailable.Gigabytes:102.29240417480469|#Level:Host|#hostname:MacBook-Air-2.local,timestamp:1648953465
2022-04-03T11:37:45,901 - DiskUsage.Gigabytes:125.98146057128906|#Level:Host|#hostname:MacBook-Air-2.local,timestamp:1648953465
2022-04-03T11:37:45,906 - DiskUtilization.Percent:55.2|#Level:Host|#hostname:MacBook-Air-2.local,timestamp:1648953465
2022-04-03T11:37:45,907 - MemoryAvailable.Megabytes:1341.1875|#Level:Host|#hostname:MacBook-Air-2.local,timestamp:1648953465
2022-04-03T11:37:45,907 - MemoryUsed.Megabytes:2534.359375|#Level:Host|#hostname:MacBook-Air-2.local,timestamp:1648953465
2022-04-03T11:37:45,907 - MemoryUtilization.Percent:83.6|#Level:Host|#hostname:MacBook-Air-2.local,timestamp:1648953465
2022-04-03T11:37:54,328 - Requests4XX.Count:1|#Level:Host|#hostname:MacBook-Air-2.local,timestamp:null
2022-04-03T11:38:06,861 - Requests4XX.Count:1|#Level:Host|#hostname:MacBook-Air-2.local,timestamp:null
2022-04-03T11:38:14,946 - Requests5XX.Count:1|#Level:Host|#hostname:MacBook-Air-2.local,timestamp:null
2022-04-03T11:38:14,947 - WorkerThreadTime.ms:8|#Level:Host|#hostname:MacBook-Air-2.local,timestamp:null
2022-04-03T11:38:45,902 - CPUUtilization.Percent:0.0|#Level:Host|#hostname:MacBook-Air-2.local,timestamp:1648953525
2022-04-03T11:38:45,912 - DiskAvailable.Gigabytes:102.29231643676758|#Level:Host|#hostname:MacBook-Air-2.local,timestamp:1648953525
2022-04-03T11:38:45,913 - DiskUsage.Gigabytes:125.98154830932617|#Level:Host|#hostname:MacBook-Air-2.local,timestamp:1648953525
2022-04-03T11:38:45,913 - DiskUtilization.Percent:55.2|#Level:Host|#hostname:MacBook-Air-2.local,timestamp:1648953525
2022-04-03T11:38:45,913 - MemoryAvailable.Megabytes:1331.21875|#Level:Host|#hostname:MacBook-Air-2.local,timestamp:1648953525
2022-04-03T11:38:45,913 - MemoryUsed.Megabytes:2531.59375|#Level:Host|#hostname:MacBook-Air-2.local,timestamp:1648953525
2022-04-03T11:38:45,913 - MemoryUtilization.Percent:83.7|#Level:Host|#hostname:MacBook-Air-2.local,timestamp:1648953525
2022-04-03T11:38:58,244 - Requests5XX.Count:1|#Level:Host|#hostname:MacBook-Air-2.local,timestamp:null
2022-04-03T11:38:58,244 - WorkerThreadTime.ms:19|#Level:Host|#hostname:MacBook-Air-2.local,timestamp:null
2022-04-03T11:39:45,872 - CPUUtilization.Percent:100.0|#Level:Host|#hostname:MacBook-Air-2.local,timestamp:1648953585
2022-04-03T11:39:45,874 - DiskAvailable.Gigabytes:102.29232025146484|#Level:Host|#hostname:MacBook-Air-2.local,timestamp:1648953585
2022-04-03T11:39:45,875 - DiskUsage.Gigabytes:125.9815444946289|#Level:Host|#hostname:MacBook-Air-2.local,timestamp:1648953585
2022-04-03T11:39:45,875 - DiskUtilization.Percent:55.2|#Level:Host|#hostname:MacBook-Air-2.local,timestamp:1648953585
2022-04-03T11:39:45,875 - MemoryAvailable.Megabytes:1299.46875|#Level:Host|#hostname:MacBook-Air-2.local,timestamp:1648953585
2022-04-03T11:39:45,875 - MemoryUsed.Megabytes:2570.390625|#Level:Host|#hostname:MacBook-Air-2.local,timestamp:1648953585
2022-04-03T11:39:45,875 - MemoryUtilization.Percent:84.1|#Level:Host|#hostname:MacBook-Air-2.local,timestamp:1648953585
2022-04-03T11:39:48,748 - Requests5XX.Count:1|#Level:Host|#hostname:MacBook-Air-2.local,timestamp:null
2022-04-03T11:39:48,749 - WorkerThreadTime.ms:10|#Level:Host|#hostname:MacBook-Air-2.local,timestamp:null
2022-04-03T11:40:43,742 - Requests5XX.Count:1|#Level:Host|#hostname:MacBook-Air-2.local,timestamp:null
2022-04-03T11:40:43,743 - WorkerThreadTime.ms:5|#Level:Host|#hostname:MacBook-Air-2.local,timestamp:null
2022-04-03T11:40:46,429 - CPUUtilization.Percent:0.0|#Level:Host|#hostname:MacBook-Air-2.local,timestamp:1648953646
2022-04-03T11:40:46,430 - DiskAvailable.Gigabytes:102.29124450683594|#Level:Host|#hostname:MacBook-Air-2.local,timestamp:1648953646
2022-04-03T11:40:46,431 - DiskUsage.Gigabytes:125.98262023925781|#Level:Host|#hostname:MacBook-Air-2.local,timestamp:1648953646
2022-04-03T11:40:46,431 - DiskUtilization.Percent:55.2|#Level:Host|#hostname:MacBook-Air-2.local,timestamp:1648953646
2022-04-03T11:40:46,431 - MemoryAvailable.Megabytes:1353.09375|#Level:Host|#hostname:MacBook-Air-2.local,timestamp:1648953646
2022-04-03T11:40:46,431 - MemoryUsed.Megabytes:2522.984375|#Level:Host|#hostname:MacBook-Air-2.local,timestamp:1648953646
2022-04-03T11:40:46,431 - MemoryUtilization.Percent:83.5|#Level:Host|#hostname:MacBook-Air-2.local,timestamp:1648953646
2022-04-03T11:40:53,855 - Requests5XX.Count:1|#Level:Host|#hostname:MacBook-Air-2.local,timestamp:null
2022-04-03T11:40:53,856 - WorkerThreadTime.ms:8|#Level:Host|#hostname:MacBook-Air-2.local,timestamp:null
2022-04-03T11:41:26,811 - Requests5XX.Count:1|#Level:Host|#hostname:MacBook-Air-2.local,timestamp:null
2022-04-03T11:41:26,812 - WorkerThreadTime.ms:4|#Level:Host|#hostname:MacBook-Air-2.local,timestamp:null
2022-04-03T11:41:41,373 - Requests5XX.Count:1|#Level:Host|#hostname:MacBook-Air-2.local,timestamp:null
2022-04-03T11:41:41,375 - WorkerThreadTime.ms:7|#Level:Host|#hostname:MacBook-Air-2.local,timestamp:null
2022-04-03T11:41:45,880 - CPUUtilization.Percent:0.0|#Level:Host|#hostname:MacBook-Air-2.local,timestamp:1648953705
2022-04-03T11:41:45,884 - DiskAvailable.Gigabytes:102.29490661621094|#Level:Host|#hostname:MacBook-Air-2.local,timestamp:1648953705
2022-04-03T11:41:45,885 - DiskUsage.Gigabytes:125.97895812988281|#Level:Host|#hostname:MacBook-Air-2.local,timestamp:1648953705
2022-04-03T11:41:45,888 - DiskUtilization.Percent:55.2|#Level:Host|#hostname:MacBook-Air-2.local,timestamp:1648953705
2022-04-03T11:41:45,889 - MemoryAvailable.Megabytes:1422.8125|#Level:Host|#hostname:MacBook-Air-2.local,timestamp:1648953705
2022-04-03T11:41:45,889 - MemoryUsed.Megabytes:2500.359375|#Level:Host|#hostname:MacBook-Air-2.local,timestamp:1648953705
2022-04-03T11:41:45,889 - MemoryUtilization.Percent:82.6|#Level:Host|#hostname:MacBook-Air-2.local,timestamp:1648953705
2022-04-03T11:49:09,026 - CPUUtilization.Percent:100.0|#Level:Host|#hostname:MacBook-Air-2.local,timestamp:1648954149
2022-04-03T11:49:09,032 - DiskAvailable.Gigabytes:103.29389190673828|#Level:Host|#hostname:MacBook-Air-2.local,timestamp:1648954149
2022-04-03T11:49:09,033 - DiskUsage.Gigabytes:124.97997283935547|#Level:Host|#hostname:MacBook-Air-2.local,timestamp:1648954149
2022-04-03T11:49:09,033 - DiskUtilization.Percent:54.8|#Level:Host|#hostname:MacBook-Air-2.local,timestamp:1648954149
2022-04-03T11:49:09,034 - MemoryAvailable.Megabytes:2952.1875|#Level:Host|#hostname:MacBook-Air-2.local,timestamp:1648954149
2022-04-03T11:49:09,035 - MemoryUsed.Megabytes:4191.734375|#Level:Host|#hostname:MacBook-Air-2.local,timestamp:1648954149
2022-04-03T11:49:09,036 - MemoryUtilization.Percent:64.0|#Level:Host|#hostname:MacBook-Air-2.local,timestamp:1648954149
2022-04-03T11:49:48,687 - W-9004-my_tc_1.0.ms:41700|#Level:Host|#hostname:MacBook-Air-2.local,timestamp:1648954188
2022-04-03T11:49:48,687 - W-9000-my_tc_1.0.ms:41707|#Level:Host|#hostname:MacBook-Air-2.local,timestamp:1648954188
2022-04-03T11:49:48,687 - W-9007-my_tc_1.0.ms:41698|#Level:Host|#hostname:MacBook-Air-2.local,timestamp:1648954188
2022-04-03T11:49:48,724 - W-9002-my_tc_1.0.ms:41741|#Level:Host|#hostname:MacBook-Air-2.local,timestamp:1648954188
2022-04-03T11:49:48,724 - W-9006-my_tc_1.0.ms:41734|#Level:Host|#hostname:MacBook-Air-2.local,timestamp:1648954188
2022-04-03T11:49:48,723 - W-9005-my_tc_1.0.ms:41735|#Level:Host|#hostname:MacBook-Air-2.local,timestamp:1648954188
2022-04-03T11:49:48,723 - W-9001-my_tc_1.0.ms:41740|#Level:Host|#hostname:MacBook-Air-2.local,timestamp:1648954188
2022-04-03T11:49:48,750 - WorkerThreadTime.ms:543|#Level:Host|#hostname:MacBook-Air-2.local,timestamp:null
2022-04-03T11:49:48,755 - WorkerThreadTime.ms:582|#Level:Host|#hostname:MacBook-Air-2.local,timestamp:null
2022-04-03T11:49:48,754 - WorkerThreadTime.ms:504|#Level:Host|#hostname:MacBook-Air-2.local,timestamp:null
2022-04-03T11:49:48,756 - WorkerThreadTime.ms:583|#Level:Host|#hostname:MacBook-Air-2.local,timestamp:null
2022-04-03T11:49:48,756 - WorkerThreadTime.ms:583|#Level:Host|#hostname:MacBook-Air-2.local,timestamp:null
2022-04-03T11:49:48,757 - WorkerThreadTime.ms:507|#Level:Host|#hostname:MacBook-Air-2.local,timestamp:null
2022-04-03T11:49:48,759 - WorkerThreadTime.ms:509|#Level:Host|#hostname:MacBook-Air-2.local,timestamp:null
2022-04-03T11:49:48,757 - W-9003-my_tc_1.0.ms:41772|#Level:Host|#hostname:MacBook-Air-2.local,timestamp:1648954188
2022-04-03T11:49:48,760 - WorkerThreadTime.ms:585|#Level:Host|#hostname:MacBook-Air-2.local,timestamp:null
2022-04-03T11:50:09,539 - CPUUtilization.Percent:0.0|#Level:Host|#hostname:MacBook-Air-2.local,timestamp:1648954209
2022-04-03T11:50:09,542 - DiskAvailable.Gigabytes:102.29310607910156|#Level:Host|#hostname:MacBook-Air-2.local,timestamp:1648954209
2022-04-03T11:50:09,549 - DiskUsage.Gigabytes:125.98075866699219|#Level:Host|#hostname:MacBook-Air-2.local,timestamp:1648954209
2022-04-03T11:50:09,549 - DiskUtilization.Percent:55.2|#Level:Host|#hostname:MacBook-Air-2.local,timestamp:1648954209
2022-04-03T11:50:09,549 - MemoryAvailable.Megabytes:1381.0|#Level:Host|#hostname:MacBook-Air-2.local,timestamp:1648954209
2022-04-03T11:50:09,549 - MemoryUsed.Megabytes:2659.3125|#Level:Host|#hostname:MacBook-Air-2.local,timestamp:1648954209
2022-04-03T11:50:09,549 - MemoryUtilization.Percent:83.1|#Level:Host|#hostname:MacBook-Air-2.local,timestamp:1648954209
2022-04-03T11:50:17,455 - Requests5XX.Count:1|#Level:Host|#hostname:MacBook-Air-2.local,timestamp:null
2022-04-03T11:50:17,458 - WorkerThreadTime.ms:27|#Level:Host|#hostname:MacBook-Air-2.local,timestamp:null
2022-04-03T11:51:47,870 - CPUUtilization.Percent:100.0|#Level:Host|#hostname:MacBook-Air-2.local,timestamp:1648954307
2022-04-03T11:51:47,872 - DiskAvailable.Gigabytes:103.29850387573242|#Level:Host|#hostname:MacBook-Air-2.local,timestamp:1648954307
2022-04-03T11:51:47,875 - DiskUsage.Gigabytes:124.97536087036133|#Level:Host|#hostname:MacBook-Air-2.local,timestamp:1648954307
2022-04-03T11:51:47,877 - DiskUtilization.Percent:54.7|#Level:Host|#hostname:MacBook-Air-2.local,timestamp:1648954307
2022-04-03T11:51:47,877 - MemoryAvailable.Megabytes:2939.90625|#Level:Host|#hostname:MacBook-Air-2.local,timestamp:1648954307
2022-04-03T11:51:47,878 - MemoryUsed.Megabytes:4218.40625|#Level:Host|#hostname:MacBook-Air-2.local,timestamp:1648954307
2022-04-03T11:51:47,879 - MemoryUtilization.Percent:64.1|#Level:Host|#hostname:MacBook-Air-2.local,timestamp:1648954307
2022-04-03T11:52:21,014 - W-9003-my_tc_1.0.ms:34617|#Level:Host|#hostname:MacBook-Air-2.local,timestamp:1648954341
2022-04-03T11:52:21,014 - W-9006-my_tc_1.0.ms:34617|#Level:Host|#hostname:MacBook-Air-2.local,timestamp:1648954341
2022-04-03T11:52:21,013 - W-9002-my_tc_1.0.ms:34617|#Level:Host|#hostname:MacBook-Air-2.local,timestamp:1648954341
2022-04-03T11:52:21,017 - W-9004-my_tc_1.0.ms:34623|#Level:Host|#hostname:MacBook-Air-2.local,timestamp:1648954341
2022-04-03T11:52:21,013 - W-9001-my_tc_1.0.ms:34619|#Level:Host|#hostname:MacBook-Air-2.local,timestamp:1648954341
2022-04-03T11:52:21,013 - W-9000-my_tc_1.0.ms:34622|#Level:Host|#hostname:MacBook-Air-2.local,timestamp:1648954341
2022-04-03T11:52:21,012 - W-9005-my_tc_1.0.ms:34617|#Level:Host|#hostname:MacBook-Air-2.local,timestamp:1648954341
2022-04-03T11:52:21,012 - W-9007-my_tc_1.0.ms:34617|#Level:Host|#hostname:MacBook-Air-2.local,timestamp:1648954341
2022-04-03T11:52:21,022 - WorkerThreadTime.ms:311|#Level:Host|#hostname:MacBook-Air-2.local,timestamp:null
2022-04-03T11:52:21,022 - WorkerThreadTime.ms:379|#Level:Host|#hostname:MacBook-Air-2.local,timestamp:null
2022-04-03T11:52:21,071 - WorkerThreadTime.ms:419|#Level:Host|#hostname:MacBook-Air-2.local,timestamp:null
2022-04-03T11:52:21,071 - WorkerThreadTime.ms:365|#Level:Host|#hostname:MacBook-Air-2.local,timestamp:null
2022-04-03T11:52:21,071 - WorkerThreadTime.ms:391|#Level:Host|#hostname:MacBook-Air-2.local,timestamp:null
2022-04-03T11:52:21,071 - WorkerThreadTime.ms:461|#Level:Host|#hostname:MacBook-Air-2.local,timestamp:null
2022-04-03T11:52:21,071 - WorkerThreadTime.ms:342|#Level:Host|#hostname:MacBook-Air-2.local,timestamp:null
2022-04-03T11:52:21,071 - WorkerThreadTime.ms:359|#Level:Host|#hostname:MacBook-Air-2.local,timestamp:null
2022-04-03T11:52:31,119 - Requests5XX.Count:1|#Level:Host|#hostname:MacBook-Air-2.local,timestamp:null
2022-04-03T11:52:31,120 - WorkerThreadTime.ms:37|#Level:Host|#hostname:MacBook-Air-2.local,timestamp:null
2022-04-03T11:52:37,882 - Requests5XX.Count:1|#Level:Host|#hostname:MacBook-Air-2.local,timestamp:null
2022-04-03T11:52:37,895 - WorkerThreadTime.ms:17|#Level:Host|#hostname:MacBook-Air-2.local,timestamp:null
2022-04-03T11:52:48,431 - CPUUtilization.Percent:0.0|#Level:Host|#hostname:MacBook-Air-2.local,timestamp:1648954368
2022-04-03T11:52:48,434 - DiskAvailable.Gigabytes:102.29536437988281|#Level:Host|#hostname:MacBook-Air-2.local,timestamp:1648954368
2022-04-03T11:52:48,434 - DiskUsage.Gigabytes:125.97850036621094|#Level:Host|#hostname:MacBook-Air-2.local,timestamp:1648954368
2022-04-03T11:52:48,434 - DiskUtilization.Percent:55.2|#Level:Host|#hostname:MacBook-Air-2.local,timestamp:1648954368
2022-04-03T11:52:48,434 - MemoryAvailable.Megabytes:1655.34375|#Level:Host|#hostname:MacBook-Air-2.local,timestamp:1648954368
2022-04-03T11:52:48,435 - MemoryUsed.Megabytes:2893.9375|#Level:Host|#hostname:MacBook-Air-2.local,timestamp:1648954368
2022-04-03T11:52:48,435 - MemoryUtilization.Percent:79.8|#Level:Host|#hostname:MacBook-Air-2.local,timestamp:1648954368
2022-04-03T11:53:47,843 - CPUUtilization.Percent:0.0|#Level:Host|#hostname:MacBook-Air-2.local,timestamp:1648954427
2022-04-03T11:53:47,845 - DiskAvailable.Gigabytes:102.29298400878906|#Level:Host|#hostname:MacBook-Air-2.local,timestamp:1648954427
2022-04-03T11:53:47,845 - DiskUsage.Gigabytes:125.98088073730469|#Level:Host|#hostname:MacBook-Air-2.local,timestamp:1648954427
2022-04-03T11:53:47,845 - DiskUtilization.Percent:55.2|#Level:Host|#hostname:MacBook-Air-2.local,timestamp:1648954427
2022-04-03T11:53:47,845 - MemoryAvailable.Megabytes:1354.046875|#Level:Host|#hostname:MacBook-Air-2.local,timestamp:1648954427
2022-04-03T11:53:47,846 - MemoryUsed.Megabytes:2485.0|#Level:Host|#hostname:MacBook-Air-2.local,timestamp:1648954427
2022-04-03T11:53:47,846 - MemoryUtilization.Percent:83.5|#Level:Host|#hostname:MacBook-Air-2.local,timestamp:1648954427
2022-04-03T11:54:47,816 - CPUUtilization.Percent:0.0|#Level:Host|#hostname:MacBook-Air-2.local,timestamp:1648954487
2022-04-03T11:54:47,818 - DiskAvailable.Gigabytes:102.29309844970703|#Level:Host|#hostname:MacBook-Air-2.local,timestamp:1648954487
2022-04-03T11:54:47,818 - DiskUsage.Gigabytes:125.98076629638672|#Level:Host|#hostname:MacBook-Air-2.local,timestamp:1648954487
2022-04-03T11:54:47,818 - DiskUtilization.Percent:55.2|#Level:Host|#hostname:MacBook-Air-2.local,timestamp:1648954487
2022-04-03T11:54:47,818 - MemoryAvailable.Megabytes:1304.65625|#Level:Host|#hostname:MacBook-Air-2.local,timestamp:1648954487
2022-04-03T11:54:47,818 - MemoryUsed.Megabytes:2538.375|#Level:Host|#hostname:MacBook-Air-2.local,timestamp:1648954487
2022-04-03T11:54:47,818 - MemoryUtilization.Percent:84.1|#Level:Host|#hostname:MacBook-Air-2.local,timestamp:1648954487
2022-04-03T11:55:47,803 - CPUUtilization.Percent:100.0|#Level:Host|#hostname:MacBook-Air-2.local,timestamp:1648954547
2022-04-03T11:55:47,814 - DiskAvailable.Gigabytes:102.28893280029297|#Level:Host|#hostname:MacBook-Air-2.local,timestamp:1648954547
2022-04-03T11:55:47,814 - DiskUsage.Gigabytes:125.98493194580078|#Level:Host|#hostname:MacBook-Air-2.local,timestamp:1648954547
2022-04-03T11:55:47,814 - DiskUtilization.Percent:55.2|#Level:Host|#hostname:MacBook-Air-2.local,timestamp:1648954547
2022-04-03T11:55:47,814 - MemoryAvailable.Megabytes:1337.796875|#Level:Host|#hostname:MacBook-Air-2.local,timestamp:1648954547
2022-04-03T11:55:47,814 - MemoryUsed.Megabytes:2514.765625|#Level:Host|#hostname:MacBook-Air-2.local,timestamp:1648954547
2022-04-03T11:55:47,814 - MemoryUtilization.Percent:83.7|#Level:Host|#hostname:MacBook-Air-2.local,timestamp:1648954547
2022-04-03T11:56:47,780 - CPUUtilization.Percent:0.0|#Level:Host|#hostname:MacBook-Air-2.local,timestamp:1648954607
2022-04-03T11:56:47,783 - DiskAvailable.Gigabytes:102.28192520141602|#Level:Host|#hostname:MacBook-Air-2.local,timestamp:1648954607
2022-04-03T11:56:47,783 - DiskUsage.Gigabytes:125.99193954467773|#Level:Host|#hostname:MacBook-Air-2.local,timestamp:1648954607
2022-04-03T11:56:47,783 - DiskUtilization.Percent:55.2|#Level:Host|#hostname:MacBook-Air-2.local,timestamp:1648954607
2022-04-03T11:56:47,784 - MemoryAvailable.Megabytes:1302.71875|#Level:Host|#hostname:MacBook-Air-2.local,timestamp:1648954607
2022-04-03T11:56:47,784 - MemoryUsed.Megabytes:2573.890625|#Level:Host|#hostname:MacBook-Air-2.local,timestamp:1648954607
2022-04-03T11:56:47,784 - MemoryUtilization.Percent:84.1|#Level:Host|#hostname:MacBook-Air-2.local,timestamp:1648954607
2022-04-03T11:57:47,795 - CPUUtilization.Percent:0.0|#Level:Host|#hostname:MacBook-Air-2.local,timestamp:1648954667
2022-04-03T11:57:47,799 - DiskAvailable.Gigabytes:102.2822494506836|#Level:Host|#hostname:MacBook-Air-2.local,timestamp:1648954667
2022-04-03T11:57:47,799 - DiskUsage.Gigabytes:125.99161529541016|#Level:Host|#hostname:MacBook-Air-2.local,timestamp:1648954667
2022-04-03T11:57:47,799 - DiskUtilization.Percent:55.2|#Level:Host|#hostname:MacBook-Air-2.local,timestamp:1648954667
2022-04-03T11:57:47,799 - MemoryAvailable.Megabytes:1394.90625|#Level:Host|#hostname:MacBook-Air-2.local,timestamp:1648954667
2022-04-03T11:57:47,799 - MemoryUsed.Megabytes:2547.09375|#Level:Host|#hostname:MacBook-Air-2.local,timestamp:1648954667
2022-04-03T11:57:47,799 - MemoryUtilization.Percent:83.0|#Level:Host|#hostname:MacBook-Air-2.local,timestamp:1648954667
2022-04-03T11:59:36,463 - CPUUtilization.Percent:0.0|#Level:Host|#hostname:MacBook-Air-2.local,timestamp:1648954776
2022-04-03T11:59:36,466 - DiskAvailable.Gigabytes:103.2817268371582|#Level:Host|#hostname:MacBook-Air-2.local,timestamp:1648954776
2022-04-03T11:59:36,466 - DiskUsage.Gigabytes:124.99213790893555|#Level:Host|#hostname:MacBook-Air-2.local,timestamp:1648954776
2022-04-03T11:59:36,467 - DiskUtilization.Percent:54.8|#Level:Host|#hostname:MacBook-Air-2.local,timestamp:1648954776
2022-04-03T11:59:36,467 - MemoryAvailable.Megabytes:2999.859375|#Level:Host|#hostname:MacBook-Air-2.local,timestamp:1648954776
2022-04-03T11:59:36,467 - MemoryUsed.Megabytes:3824.328125|#Level:Host|#hostname:MacBook-Air-2.local,timestamp:1648954776
2022-04-03T11:59:36,468 - MemoryUtilization.Percent:63.4|#Level:Host|#hostname:MacBook-Air-2.local,timestamp:1648954776
2022-04-03T12:00:07,879 - W-9004-my_tc_1.0.ms:33724|#Level:Host|#hostname:MacBook-Air-2.local,timestamp:1648954807
2022-04-03T12:00:07,879 - W-9006-my_tc_1.0.ms:33723|#Level:Host|#hostname:MacBook-Air-2.local,timestamp:1648954807
2022-04-03T12:00:07,879 - W-9000-my_tc_1.0.ms:33729|#Level:Host|#hostname:MacBook-Air-2.local,timestamp:1648954807
2022-04-03T12:00:07,879 - W-9005-my_tc_1.0.ms:33725|#Level:Host|#hostname:MacBook-Air-2.local,timestamp:1648954807
2022-04-03T12:00:07,879 - W-9003-my_tc_1.0.ms:33726|#Level:Host|#hostname:MacBook-Air-2.local,timestamp:1648954807
2022-04-03T12:00:07,880 - W-9002-my_tc_1.0.ms:33728|#Level:Host|#hostname:MacBook-Air-2.local,timestamp:1648954807
2022-04-03T12:00:07,879 - W-9001-my_tc_1.0.ms:33727|#Level:Host|#hostname:MacBook-Air-2.local,timestamp:1648954807
2022-04-03T12:00:07,879 - W-9007-my_tc_1.0.ms:33724|#Level:Host|#hostname:MacBook-Air-2.local,timestamp:1648954807
2022-04-03T12:00:07,892 - WorkerThreadTime.ms:110|#Level:Host|#hostname:MacBook-Air-2.local,timestamp:null
2022-04-03T12:00:07,892 - WorkerThreadTime.ms:130|#Level:Host|#hostname:MacBook-Air-2.local,timestamp:null
2022-04-03T12:00:07,892 - WorkerThreadTime.ms:108|#Level:Host|#hostname:MacBook-Air-2.local,timestamp:null
2022-04-03T12:00:07,892 - WorkerThreadTime.ms:116|#Level:Host|#hostname:MacBook-Air-2.local,timestamp:null
2022-04-03T12:00:07,892 - WorkerThreadTime.ms:95|#Level:Host|#hostname:MacBook-Air-2.local,timestamp:null
2022-04-03T12:00:07,892 - WorkerThreadTime.ms:196|#Level:Host|#hostname:MacBook-Air-2.local,timestamp:null
2022-04-03T12:00:07,892 - WorkerThreadTime.ms:115|#Level:Host|#hostname:MacBook-Air-2.local,timestamp:null
2022-04-03T12:00:07,892 - WorkerThreadTime.ms:110|#Level:Host|#hostname:MacBook-Air-2.local,timestamp:null
2022-04-03T12:00:13,967 - Requests5XX.Count:1|#Level:Host|#hostname:MacBook-Air-2.local,timestamp:null
2022-04-03T12:00:13,982 - WorkerThreadTime.ms:58|#Level:Host|#hostname:MacBook-Air-2.local,timestamp:null
2022-04-03T12:00:37,097 - CPUUtilization.Percent:0.0|#Level:Host|#hostname:MacBook-Air-2.local,timestamp:1648954837
2022-04-03T12:00:37,100 - DiskAvailable.Gigabytes:102.2834358215332|#Level:Host|#hostname:MacBook-Air-2.local,timestamp:1648954837
2022-04-03T12:00:37,100 - DiskUsage.Gigabytes:125.99042892456055|#Level:Host|#hostname:MacBook-Air-2.local,timestamp:1648954837
2022-04-03T12:00:37,100 - DiskUtilization.Percent:55.2|#Level:Host|#hostname:MacBook-Air-2.local,timestamp:1648954837
2022-04-03T12:00:37,100 - MemoryAvailable.Megabytes:1334.328125|#Level:Host|#hostname:MacBook-Air-2.local,timestamp:1648954837
2022-04-03T12:00:37,100 - MemoryUsed.Megabytes:2590.640625|#Level:Host|#hostname:MacBook-Air-2.local,timestamp:1648954837
2022-04-03T12:00:37,101 - MemoryUtilization.Percent:83.7|#Level:Host|#hostname:MacBook-Air-2.local,timestamp:1648954837
2022-04-03T12:01:36,500 - CPUUtilization.Percent:0.0|#Level:Host|#hostname:MacBook-Air-2.local,timestamp:1648954896
2022-04-03T12:01:36,506 - DiskAvailable.Gigabytes:102.28832626342773|#Level:Host|#hostname:MacBook-Air-2.local,timestamp:1648954896
2022-04-03T12:01:36,506 - DiskUsage.Gigabytes:125.98553848266602|#Level:Host|#hostname:MacBook-Air-2.local,timestamp:1648954896
2022-04-03T12:01:36,507 - DiskUtilization.Percent:55.2|#Level:Host|#hostname:MacBook-Air-2.local,timestamp:1648954896
2022-04-03T12:01:36,508 - MemoryAvailable.Megabytes:1305.59375|#Level:Host|#hostname:MacBook-Air-2.local,timestamp:1648954896
2022-04-03T12:01:36,508 - MemoryUsed.Megabytes:2560.203125|#Level:Host|#hostname:MacBook-Air-2.local,timestamp:1648954896
2022-04-03T12:01:36,508 - MemoryUtilization.Percent:84.1|#Level:Host|#hostname:MacBook-Air-2.local,timestamp:1648954896
2022-04-03T12:02:36,482 - CPUUtilization.Percent:0.0|#Level:Host|#hostname:MacBook-Air-2.local,timestamp:1648954956
2022-04-03T12:02:36,483 - DiskAvailable.Gigabytes:102.28443908691406|#Level:Host|#hostname:MacBook-Air-2.local,timestamp:1648954956
2022-04-03T12:02:36,483 - DiskUsage.Gigabytes:125.98942565917969|#Level:Host|#hostname:MacBook-Air-2.local,timestamp:1648954956
2022-04-03T12:02:36,483 - DiskUtilization.Percent:55.2|#Level:Host|#hostname:MacBook-Air-2.local,timestamp:1648954956
2022-04-03T12:02:36,483 - MemoryAvailable.Megabytes:1347.921875|#Level:Host|#hostname:MacBook-Air-2.local,timestamp:1648954956
2022-04-03T12:02:36,483 - MemoryUsed.Megabytes:2498.90625|#Level:Host|#hostname:MacBook-Air-2.local,timestamp:1648954956
2022-04-03T12:02:36,483 - MemoryUtilization.Percent:83.5|#Level:Host|#hostname:MacBook-Air-2.local,timestamp:1648954956
2022-04-03T12:04:43,183 - CPUUtilization.Percent:100.0|#Level:Host|#hostname:MacBook-Air-2.local,timestamp:1648955083
2022-04-03T12:04:43,190 - DiskAvailable.Gigabytes:103.27820587158203|#Level:Host|#hostname:MacBook-Air-2.local,timestamp:1648955083
2022-04-03T12:04:43,191 - DiskUsage.Gigabytes:124.99565887451172|#Level:Host|#hostname:MacBook-Air-2.local,timestamp:1648955083
2022-04-03T12:04:43,191 - DiskUtilization.Percent:54.8|#Level:Host|#hostname:MacBook-Air-2.local,timestamp:1648955083
2022-04-03T12:04:43,191 - MemoryAvailable.Megabytes:2894.015625|#Level:Host|#hostname:MacBook-Air-2.local,timestamp:1648955083
2022-04-03T12:04:43,192 - MemoryUsed.Megabytes:4219.53125|#Level:Host|#hostname:MacBook-Air-2.local,timestamp:1648955083
2022-04-03T12:04:43,192 - MemoryUtilization.Percent:64.7|#Level:Host|#hostname:MacBook-Air-2.local,timestamp:1648955083
2022-04-03T12:05:16,082 - W-9001-my_tc_1.0.ms:35195|#Level:Host|#hostname:MacBook-Air-2.local,timestamp:1648955116
2022-04-03T12:05:16,082 - W-9004-my_tc_1.0.ms:35193|#Level:Host|#hostname:MacBook-Air-2.local,timestamp:1648955116
2022-04-03T12:05:16,082 - W-9002-my_tc_1.0.ms:35195|#Level:Host|#hostname:MacBook-Air-2.local,timestamp:1648955116
2022-04-03T12:05:16,082 - W-9007-my_tc_1.0.ms:35193|#Level:Host|#hostname:MacBook-Air-2.local,timestamp:1648955116
2022-04-03T12:05:16,347 - WorkerThreadTime.ms:405|#Level:Host|#hostname:MacBook-Air-2.local,timestamp:null
2022-04-03T12:05:16,347 - WorkerThreadTime.ms:340|#Level:Host|#hostname:MacBook-Air-2.local,timestamp:null
2022-04-03T12:05:16,347 - WorkerThreadTime.ms:334|#Level:Host|#hostname:MacBook-Air-2.local,timestamp:null
2022-04-03T12:05:16,347 - WorkerThreadTime.ms:365|#Level:Host|#hostname:MacBook-Air-2.local,timestamp:null
2022-04-03T12:05:16,347 - W-9003-my_tc_1.0.ms:35460|#Level:Host|#hostname:MacBook-Air-2.local,timestamp:1648955116
2022-04-03T12:05:16,346 - W-9005-my_tc_1.0.ms:35457|#Level:Host|#hostname:MacBook-Air-2.local,timestamp:1648955116
2022-04-03T12:05:16,346 - W-9000-my_tc_1.0.ms:35462|#Level:Host|#hostname:MacBook-Air-2.local,timestamp:1648955116
2022-04-03T12:05:16,350 - WorkerThreadTime.ms:385|#Level:Host|#hostname:MacBook-Air-2.local,timestamp:null
2022-04-03T12:05:16,347 - W-9006-my_tc_1.0.ms:35457|#Level:Host|#hostname:MacBook-Air-2.local,timestamp:1648955116
2022-04-03T12:05:16,350 - WorkerThreadTime.ms:343|#Level:Host|#hostname:MacBook-Air-2.local,timestamp:null
2022-04-03T12:05:16,350 - WorkerThreadTime.ms:421|#Level:Host|#hostname:MacBook-Air-2.local,timestamp:null
2022-04-03T12:05:16,351 - WorkerThreadTime.ms:385|#Level:Host|#hostname:MacBook-Air-2.local,timestamp:null
2022-04-03T12:05:24,901 - Requests5XX.Count:1|#Level:Host|#hostname:MacBook-Air-2.local,timestamp:null
2022-04-03T12:05:24,903 - WorkerThreadTime.ms:47|#Level:Host|#hostname:MacBook-Air-2.local,timestamp:null
2022-04-03T12:05:43,691 - CPUUtilization.Percent:25.0|#Level:Host|#hostname:MacBook-Air-2.local,timestamp:1648955143
2022-04-03T12:05:43,693 - DiskAvailable.Gigabytes:102.27763748168945|#Level:Host|#hostname:MacBook-Air-2.local,timestamp:1648955143
2022-04-03T12:05:43,694 - DiskUsage.Gigabytes:125.9962272644043|#Level:Host|#hostname:MacBook-Air-2.local,timestamp:1648955143
2022-04-03T12:05:43,694 - DiskUtilization.Percent:55.2|#Level:Host|#hostname:MacBook-Air-2.local,timestamp:1648955143
2022-04-03T12:05:43,694 - MemoryAvailable.Megabytes:1411.328125|#Level:Host|#hostname:MacBook-Air-2.local,timestamp:1648955143
2022-04-03T12:05:43,695 - MemoryUsed.Megabytes:2537.609375|#Level:Host|#hostname:MacBook-Air-2.local,timestamp:1648955143
2022-04-03T12:05:43,695 - MemoryUtilization.Percent:82.8|#Level:Host|#hostname:MacBook-Air-2.local,timestamp:1648955143
2022-04-03T12:06:43,194 - CPUUtilization.Percent:0.0|#Level:Host|#hostname:MacBook-Air-2.local,timestamp:1648955203
2022-04-03T12:06:43,201 - DiskAvailable.Gigabytes:102.27632141113281|#Level:Host|#hostname:MacBook-Air-2.local,timestamp:1648955203
2022-04-03T12:06:43,202 - DiskUsage.Gigabytes:125.99754333496094|#Level:Host|#hostname:MacBook-Air-2.local,timestamp:1648955203
2022-04-03T12:06:43,210 - DiskUtilization.Percent:55.2|#Level:Host|#hostname:MacBook-Air-2.local,timestamp:1648955203
2022-04-03T12:06:43,210 - MemoryAvailable.Megabytes:1375.6875|#Level:Host|#hostname:MacBook-Air-2.local,timestamp:1648955203
2022-04-03T12:06:43,210 - MemoryUsed.Megabytes:2508.59375|#Level:Host|#hostname:MacBook-Air-2.local,timestamp:1648955203
2022-04-03T12:06:43,211 - MemoryUtilization.Percent:83.2|#Level:Host|#hostname:MacBook-Air-2.local,timestamp:1648955203
2022-04-03T12:08:30,613 - CPUUtilization.Percent:100.0|#Level:Host|#hostname:MacBook-Air-2.local,timestamp:1648955310
2022-04-03T12:08:30,619 - DiskAvailable.Gigabytes:103.27165603637695|#Level:Host|#hostname:MacBook-Air-2.local,timestamp:1648955310
2022-04-03T12:08:30,620 - DiskUsage.Gigabytes:125.0022087097168|#Level:Host|#hostname:MacBook-Air-2.local,timestamp:1648955310
2022-04-03T12:08:30,622 - DiskUtilization.Percent:54.8|#Level:Host|#hostname:MacBook-Air-2.local,timestamp:1648955310
2022-04-03T12:08:30,623 - MemoryAvailable.Megabytes:2950.625|#Level:Host|#hostname:MacBook-Air-2.local,timestamp:1648955310
2022-04-03T12:08:30,623 - MemoryUsed.Megabytes:4208.0625|#Level:Host|#hostname:MacBook-Air-2.local,timestamp:1648955310
2022-04-03T12:08:30,624 - MemoryUtilization.Percent:64.0|#Level:Host|#hostname:MacBook-Air-2.local,timestamp:1648955310
2022-04-03T12:09:00,530 - W-9001-my_tc_1.0.ms:32356|#Level:Host|#hostname:MacBook-Air-2.local,timestamp:1648955340
2022-04-03T12:09:00,533 - W-9006-my_tc_1.0.ms:32355|#Level:Host|#hostname:MacBook-Air-2.local,timestamp:1648955340
2022-04-03T12:09:00,530 - W-9005-my_tc_1.0.ms:32354|#Level:Host|#hostname:MacBook-Air-2.local,timestamp:1648955340
2022-04-03T12:09:00,536 - W-9000-my_tc_1.0.ms:32364|#Level:Host|#hostname:MacBook-Air-2.local,timestamp:1648955340
2022-04-03T12:09:00,573 - WorkerThreadTime.ms:232|#Level:Host|#hostname:MacBook-Air-2.local,timestamp:null
2022-04-03T12:09:00,575 - WorkerThreadTime.ms:99|#Level:Host|#hostname:MacBook-Air-2.local,timestamp:null
2022-04-03T12:09:00,575 - WorkerThreadTime.ms:165|#Level:Host|#hostname:MacBook-Air-2.local,timestamp:null
2022-04-03T12:09:00,577 - WorkerThreadTime.ms:138|#Level:Host|#hostname:MacBook-Air-2.local,timestamp:null
2022-04-03T12:09:00,572 - W-9004-my_tc_1.0.ms:32396|#Level:Host|#hostname:MacBook-Air-2.local,timestamp:1648955340
2022-04-03T12:09:00,572 - W-9002-my_tc_1.0.ms:32398|#Level:Host|#hostname:MacBook-Air-2.local,timestamp:1648955340
2022-04-03T12:09:00,571 - W-9007-my_tc_1.0.ms:32395|#Level:Host|#hostname:MacBook-Air-2.local,timestamp:1648955340
2022-04-03T12:09:00,586 - WorkerThreadTime.ms:114|#Level:Host|#hostname:MacBook-Air-2.local,timestamp:null
2022-04-03T12:09:00,586 - WorkerThreadTime.ms:123|#Level:Host|#hostname:MacBook-Air-2.local,timestamp:null
2022-04-03T12:09:00,587 - WorkerThreadTime.ms:114|#Level:Host|#hostname:MacBook-Air-2.local,timestamp:null
2022-04-03T12:09:00,574 - W-9003-my_tc_1.0.ms:32398|#Level:Host|#hostname:MacBook-Air-2.local,timestamp:1648955340
2022-04-03T12:09:00,588 - WorkerThreadTime.ms:112|#Level:Host|#hostname:MacBook-Air-2.local,timestamp:null
2022-04-03T12:09:03,889 - Requests5XX.Count:1|#Level:Host|#hostname:MacBook-Air-2.local,timestamp:null
2022-04-03T12:09:03,890 - WorkerThreadTime.ms:44|#Level:Host|#hostname:MacBook-Air-2.local,timestamp:null
2022-04-03T12:09:31,279 - CPUUtilization.Percent:100.0|#Level:Host|#hostname:MacBook-Air-2.local,timestamp:1648955371
2022-04-03T12:09:31,281 - DiskAvailable.Gigabytes:102.27045822143555|#Level:Host|#hostname:MacBook-Air-2.local,timestamp:1648955371
2022-04-03T12:09:31,282 - DiskUsage.Gigabytes:126.0034065246582|#Level:Host|#hostname:MacBook-Air-2.local,timestamp:1648955371
2022-04-03T12:09:31,282 - DiskUtilization.Percent:55.2|#Level:Host|#hostname:MacBook-Air-2.local,timestamp:1648955371
2022-04-03T12:09:31,282 - MemoryAvailable.Megabytes:1272.40625|#Level:Host|#hostname:MacBook-Air-2.local,timestamp:1648955371
2022-04-03T12:09:31,282 - MemoryUsed.Megabytes:2641.8125|#Level:Host|#hostname:MacBook-Air-2.local,timestamp:1648955371
2022-04-03T12:09:31,282 - MemoryUtilization.Percent:84.5|#Level:Host|#hostname:MacBook-Air-2.local,timestamp:1648955371
2022-04-03T12:10:30,640 - CPUUtilization.Percent:0.0|#Level:Host|#hostname:MacBook-Air-2.local,timestamp:1648955430
2022-04-03T12:10:30,645 - DiskAvailable.Gigabytes:102.26991653442383|#Level:Host|#hostname:MacBook-Air-2.local,timestamp:1648955430
2022-04-03T12:10:30,646 - DiskUsage.Gigabytes:126.00394821166992|#Level:Host|#hostname:MacBook-Air-2.local,timestamp:1648955430
2022-04-03T12:10:30,646 - DiskUtilization.Percent:55.2|#Level:Host|#hostname:MacBook-Air-2.local,timestamp:1648955430
2022-04-03T12:10:30,646 - MemoryAvailable.Megabytes:1292.890625|#Level:Host|#hostname:MacBook-Air-2.local,timestamp:1648955430
2022-04-03T12:10:30,649 - MemoryUsed.Megabytes:2594.515625|#Level:Host|#hostname:MacBook-Air-2.local,timestamp:1648955430
2022-04-03T12:10:30,650 - MemoryUtilization.Percent:84.2|#Level:Host|#hostname:MacBook-Air-2.local,timestamp:1648955430
2022-04-03T12:11:38,066 - CPUUtilization.Percent:100.0|#Level:Host|#hostname:MacBook-Air-2.local,timestamp:1648955497
2022-04-03T12:11:38,197 - DiskAvailable.Gigabytes:103.27344512939453|#Level:Host|#hostname:MacBook-Air-2.local,timestamp:1648955497
2022-04-03T12:11:38,288 - DiskUsage.Gigabytes:125.00041961669922|#Level:Host|#hostname:MacBook-Air-2.local,timestamp:1648955497
2022-04-03T12:11:38,292 - DiskUtilization.Percent:54.8|#Level:Host|#hostname:MacBook-Air-2.local,timestamp:1648955497
2022-04-03T12:11:38,296 - MemoryAvailable.Megabytes:3266.34375|#Level:Host|#hostname:MacBook-Air-2.local,timestamp:1648955497
2022-04-03T12:11:38,298 - MemoryUsed.Megabytes:3898.421875|#Level:Host|#hostname:MacBook-Air-2.local,timestamp:1648955497
2022-04-03T12:11:38,303 - MemoryUtilization.Percent:60.1|#Level:Host|#hostname:MacBook-Air-2.local,timestamp:1648955497
2022-04-03T12:12:12,259 - W-9007-my_tc_1.0.ms:36042|#Level:Host|#hostname:MacBook-Air-2.local,timestamp:1648955532
2022-04-03T12:12:12,259 - W-9003-my_tc_1.0.ms:36044|#Level:Host|#hostname:MacBook-Air-2.local,timestamp:1648955532
2022-04-03T12:12:12,285 - WorkerThreadTime.ms:134|#Level:Host|#hostname:MacBook-Air-2.local,timestamp:null
2022-04-03T12:12:12,285 - WorkerThreadTime.ms:128|#Level:Host|#hostname:MacBook-Air-2.local,timestamp:null
2022-04-03T12:12:12,283 - W-9000-my_tc_1.0.ms:36075|#Level:Host|#hostname:MacBook-Air-2.local,timestamp:1648955532
2022-04-03T12:12:12,280 - W-9002-my_tc_1.0.ms:36066|#Level:Host|#hostname:MacBook-Air-2.local,timestamp:1648955532
2022-04-03T12:12:12,283 - W-9006-my_tc_1.0.ms:36067|#Level:Host|#hostname:MacBook-Air-2.local,timestamp:1648955532
2022-04-03T12:12:12,283 - W-9005-my_tc_1.0.ms:36067|#Level:Host|#hostname:MacBook-Air-2.local,timestamp:1648955532
2022-04-03T12:12:12,280 - W-9001-my_tc_1.0.ms:36068|#Level:Host|#hostname:MacBook-Air-2.local,timestamp:1648955532
2022-04-03T12:12:12,283 - W-9004-my_tc_1.0.ms:36068|#Level:Host|#hostname:MacBook-Air-2.local,timestamp:1648955532
2022-04-03T12:12:12,292 - WorkerThreadTime.ms:216|#Level:Host|#hostname:MacBook-Air-2.local,timestamp:null
2022-04-03T12:12:12,292 - WorkerThreadTime.ms:233|#Level:Host|#hostname:MacBook-Air-2.local,timestamp:null
2022-04-03T12:12:12,292 - WorkerThreadTime.ms:168|#Level:Host|#hostname:MacBook-Air-2.local,timestamp:null
2022-04-03T12:12:12,292 - WorkerThreadTime.ms:152|#Level:Host|#hostname:MacBook-Air-2.local,timestamp:null
2022-04-03T12:12:12,292 - WorkerThreadTime.ms:171|#Level:Host|#hostname:MacBook-Air-2.local,timestamp:null
2022-04-03T12:12:12,293 - WorkerThreadTime.ms:153|#Level:Host|#hostname:MacBook-Air-2.local,timestamp:null
2022-04-03T12:12:18,621 - Requests5XX.Count:1|#Level:Host|#hostname:MacBook-Air-2.local,timestamp:null
2022-04-03T12:12:18,622 - WorkerThreadTime.ms:49|#Level:Host|#hostname:MacBook-Air-2.local,timestamp:null
2022-04-03T12:12:38,523 - CPUUtilization.Percent:0.0|#Level:Host|#hostname:MacBook-Air-2.local,timestamp:1648955558
2022-04-03T12:12:38,532 - DiskAvailable.Gigabytes:102.26789093017578|#Level:Host|#hostname:MacBook-Air-2.local,timestamp:1648955558
2022-04-03T12:12:38,533 - DiskUsage.Gigabytes:126.00597381591797|#Level:Host|#hostname:MacBook-Air-2.local,timestamp:1648955558
2022-04-03T12:12:38,533 - DiskUtilization.Percent:55.2|#Level:Host|#hostname:MacBook-Air-2.local,timestamp:1648955558
2022-04-03T12:12:38,533 - MemoryAvailable.Megabytes:1548.234375|#Level:Host|#hostname:MacBook-Air-2.local,timestamp:1648955558
2022-04-03T12:12:38,533 - MemoryUsed.Megabytes:2862.0625|#Level:Host|#hostname:MacBook-Air-2.local,timestamp:1648955558
2022-04-03T12:12:38,533 - MemoryUtilization.Percent:81.1|#Level:Host|#hostname:MacBook-Air-2.local,timestamp:1648955558
2022-04-03T12:14:14,574 - CPUUtilization.Percent:33.3|#Level:Host|#hostname:MacBook-Air-2.local,timestamp:1648955654
2022-04-03T12:14:14,587 - DiskAvailable.Gigabytes:103.27561950683594|#Level:Host|#hostname:MacBook-Air-2.local,timestamp:1648955654
2022-04-03T12:14:14,589 - DiskUsage.Gigabytes:124.99824523925781|#Level:Host|#hostname:MacBook-Air-2.local,timestamp:1648955654
2022-04-03T12:14:14,589 - DiskUtilization.Percent:54.8|#Level:Host|#hostname:MacBook-Air-2.local,timestamp:1648955654
2022-04-03T12:14:14,590 - MemoryAvailable.Megabytes:2928.953125|#Level:Host|#hostname:MacBook-Air-2.local,timestamp:1648955654
2022-04-03T12:14:14,590 - MemoryUsed.Megabytes:4206.1875|#Level:Host|#hostname:MacBook-Air-2.local,timestamp:1648955654
2022-04-03T12:14:14,591 - MemoryUtilization.Percent:64.2|#Level:Host|#hostname:MacBook-Air-2.local,timestamp:1648955654
2022-04-03T12:14:49,247 - W-9007-my_tc_1.0.ms:36882|#Level:Host|#hostname:MacBook-Air-2.local,timestamp:1648955689
2022-04-03T12:14:49,270 - W-9000-my_tc_1.0.ms:36912|#Level:Host|#hostname:MacBook-Air-2.local,timestamp:1648955689
2022-04-03T12:14:49,269 - W-9002-my_tc_1.0.ms:36908|#Level:Host|#hostname:MacBook-Air-2.local,timestamp:1648955689
2022-04-03T12:14:49,271 - W-9003-my_tc_1.0.ms:36909|#Level:Host|#hostname:MacBook-Air-2.local,timestamp:1648955689
2022-04-03T12:14:49,342 - WorkerThreadTime.ms:494|#Level:Host|#hostname:MacBook-Air-2.local,timestamp:null
2022-04-03T12:14:49,343 - WorkerThreadTime.ms:496|#Level:Host|#hostname:MacBook-Air-2.local,timestamp:null
2022-04-03T12:14:49,342 - WorkerThreadTime.ms:566|#Level:Host|#hostname:MacBook-Air-2.local,timestamp:null
2022-04-03T12:14:49,344 - W-9004-my_tc_1.0.ms:36982|#Level:Host|#hostname:MacBook-Air-2.local,timestamp:1648955689
2022-04-03T12:14:49,344 - W-9005-my_tc_1.0.ms:36979|#Level:Host|#hostname:MacBook-Air-2.local,timestamp:1648955689
2022-04-03T12:14:49,343 - W-9006-my_tc_1.0.ms:36981|#Level:Host|#hostname:MacBook-Air-2.local,timestamp:1648955689
2022-04-03T12:14:49,344 - W-9001-my_tc_1.0.ms:36984|#Level:Host|#hostname:MacBook-Air-2.local,timestamp:1648955689
2022-04-03T12:14:49,349 - WorkerThreadTime.ms:500|#Level:Host|#hostname:MacBook-Air-2.local,timestamp:null
2022-04-03T12:14:49,356 - WorkerThreadTime.ms:471|#Level:Host|#hostname:MacBook-Air-2.local,timestamp:null
2022-04-03T12:14:49,356 - WorkerThreadTime.ms:492|#Level:Host|#hostname:MacBook-Air-2.local,timestamp:null
2022-04-03T12:14:49,356 - WorkerThreadTime.ms:510|#Level:Host|#hostname:MacBook-Air-2.local,timestamp:null
2022-04-03T12:14:49,359 - WorkerThreadTime.ms:585|#Level:Host|#hostname:MacBook-Air-2.local,timestamp:null
2022-04-03T12:14:54,018 - Requests2XX.Count:1|#Level:Host|#hostname:MacBook-Air-2.local,timestamp:null
2022-04-03T12:14:54,020 - QueueTime.ms:0|#Level:Host|#hostname:MacBook-Air-2.local,timestamp:null
2022-04-03T12:14:54,021 - WorkerThreadTime.ms:17|#Level:Host|#hostname:MacBook-Air-2.local,timestamp:null
2022-04-03T12:15:01,853 - Requests2XX.Count:1|#Level:Host|#hostname:MacBook-Air-2.local,timestamp:null
2022-04-03T12:15:01,855 - QueueTime.ms:0|#Level:Host|#hostname:MacBook-Air-2.local,timestamp:null
2022-04-03T12:15:01,856 - WorkerThreadTime.ms:32|#Level:Host|#hostname:MacBook-Air-2.local,timestamp:null
2022-04-03T12:15:15,161 - CPUUtilization.Percent:50.0|#Level:Host|#hostname:MacBook-Air-2.local,timestamp:1648955715
2022-04-03T12:15:15,162 - DiskAvailable.Gigabytes:102.2759017944336|#Level:Host|#hostname:MacBook-Air-2.local,timestamp:1648955715
2022-04-03T12:15:15,162 - DiskUsage.Gigabytes:125.99796295166016|#Level:Host|#hostname:MacBook-Air-2.local,timestamp:1648955715
2022-04-03T12:15:15,163 - DiskUtilization.Percent:55.2|#Level:Host|#hostname:MacBook-Air-2.local,timestamp:1648955715
2022-04-03T12:15:15,163 - MemoryAvailable.Megabytes:1325.0625|#Level:Host|#hostname:MacBook-Air-2.local,timestamp:1648955715
2022-04-03T12:15:15,163 - MemoryUsed.Megabytes:2710.75|#Level:Host|#hostname:MacBook-Air-2.local,timestamp:1648955715
2022-04-03T12:15:15,164 - MemoryUtilization.Percent:83.8|#Level:Host|#hostname:MacBook-Air-2.local,timestamp:1648955715
2022-04-03T12:16:15,206 - CPUUtilization.Percent:0.0|#Level:Host|#hostname:MacBook-Air-2.local,timestamp:1648955775
2022-04-03T12:16:15,207 - DiskAvailable.Gigabytes:103.27196502685547|#Level:Host|#hostname:MacBook-Air-2.local,timestamp:1648955775
2022-04-03T12:16:15,208 - DiskUsage.Gigabytes:125.00189971923828|#Level:Host|#hostname:MacBook-Air-2.local,timestamp:1648955775
2022-04-03T12:16:15,208 - DiskUtilization.Percent:54.8|#Level:Host|#hostname:MacBook-Air-2.local,timestamp:1648955775
2022-04-03T12:16:15,208 - MemoryAvailable.Megabytes:1298.578125|#Level:Host|#hostname:MacBook-Air-2.local,timestamp:1648955775
2022-04-03T12:16:15,208 - MemoryUsed.Megabytes:2547.203125|#Level:Host|#hostname:MacBook-Air-2.local,timestamp:1648955775
2022-04-03T12:16:15,208 - MemoryUtilization.Percent:84.1|#Level:Host|#hostname:MacBook-Air-2.local,timestamp:1648955775
2022-04-03T12:17:15,127 - CPUUtilization.Percent:33.3|#Level:Host|#hostname:MacBook-Air-2.local,timestamp:1648955835
2022-04-03T12:17:15,128 - DiskAvailable.Gigabytes:103.26813507080078|#Level:Host|#hostname:MacBook-Air-2.local,timestamp:1648955835
2022-04-03T12:17:15,128 - DiskUsage.Gigabytes:125.00572967529297|#Level:Host|#hostname:MacBook-Air-2.local,timestamp:1648955835
2022-04-03T12:17:15,128 - DiskUtilization.Percent:54.8|#Level:Host|#hostname:MacBook-Air-2.local,timestamp:1648955835
2022-04-03T12:17:15,128 - MemoryAvailable.Megabytes:1350.59375|#Level:Host|#hostname:MacBook-Air-2.local,timestamp:1648955835
2022-04-03T12:17:15,129 - MemoryUsed.Megabytes:2670.015625|#Level:Host|#hostname:MacBook-Air-2.local,timestamp:1648955835
2022-04-03T12:17:15,129 - MemoryUtilization.Percent:83.5|#Level:Host|#hostname:MacBook-Air-2.local,timestamp:1648955835
2022-04-03T12:18:14,564 - CPUUtilization.Percent:0.0|#Level:Host|#hostname:MacBook-Air-2.local,timestamp:1648955894
2022-04-03T12:18:14,565 - DiskAvailable.Gigabytes:103.26812362670898|#Level:Host|#hostname:MacBook-Air-2.local,timestamp:1648955894
2022-04-03T12:18:14,565 - DiskUsage.Gigabytes:125.00574111938477|#Level:Host|#hostname:MacBook-Air-2.local,timestamp:1648955894
2022-04-03T12:18:14,566 - DiskUtilization.Percent:54.8|#Level:Host|#hostname:MacBook-Air-2.local,timestamp:1648955894
2022-04-03T12:18:14,566 - MemoryAvailable.Megabytes:1424.0625|#Level:Host|#hostname:MacBook-Air-2.local,timestamp:1648955894
2022-04-03T12:18:14,566 - MemoryUsed.Megabytes:2673.390625|#Level:Host|#hostname:MacBook-Air-2.local,timestamp:1648955894
2022-04-03T12:18:14,566 - MemoryUtilization.Percent:82.6|#Level:Host|#hostname:MacBook-Air-2.local,timestamp:1648955894
2022-04-03T12:21:15,505 - CPUUtilization.Percent:100.0|#Level:Host|#hostname:MacBook-Air-2.local,timestamp:1648956075
2022-04-03T12:21:15,529 - DiskAvailable.Gigabytes:103.26656341552734|#Level:Host|#hostname:MacBook-Air-2.local,timestamp:1648956075
2022-04-03T12:21:15,530 - DiskUsage.Gigabytes:125.0073013305664|#Level:Host|#hostname:MacBook-Air-2.local,timestamp:1648956075
2022-04-03T12:21:15,534 - DiskUtilization.Percent:54.8|#Level:Host|#hostname:MacBook-Air-2.local,timestamp:1648956075
2022-04-03T12:21:15,534 - MemoryAvailable.Megabytes:3110.984375|#Level:Host|#hostname:MacBook-Air-2.local,timestamp:1648956075
2022-04-03T12:21:15,535 - MemoryUsed.Megabytes:3958.859375|#Level:Host|#hostname:MacBook-Air-2.local,timestamp:1648956075
2022-04-03T12:21:15,535 - MemoryUtilization.Percent:62.0|#Level:Host|#hostname:MacBook-Air-2.local,timestamp:1648956075
2022-04-03T12:21:50,314 - W-9007-my_tc_1.0.ms:36172|#Level:Host|#hostname:MacBook-Air-2.local,timestamp:1648956110
2022-04-03T12:21:50,307 - W-9006-my_tc_1.0.ms:36167|#Level:Host|#hostname:MacBook-Air-2.local,timestamp:1648956110
2022-04-03T12:21:50,314 - W-9005-my_tc_1.0.ms:36175|#Level:Host|#hostname:MacBook-Air-2.local,timestamp:1648956110
2022-04-03T12:21:50,314 - W-9001-my_tc_1.0.ms:36179|#Level:Host|#hostname:MacBook-Air-2.local,timestamp:1648956110
2022-04-03T12:21:50,315 - W-9002-my_tc_1.0.ms:36177|#Level:Host|#hostname:MacBook-Air-2.local,timestamp:1648956110
2022-04-03T12:21:50,307 - W-9000-my_tc_1.0.ms:36176|#Level:Host|#hostname:MacBook-Air-2.local,timestamp:1648956110
2022-04-03T12:21:50,314 - W-9004-my_tc_1.0.ms:36175|#Level:Host|#hostname:MacBook-Air-2.local,timestamp:1648956110
2022-04-03T12:21:50,307 - W-9003-my_tc_1.0.ms:36168|#Level:Host|#hostname:MacBook-Air-2.local,timestamp:1648956110
2022-04-03T12:21:50,330 - WorkerThreadTime.ms:997|#Level:Host|#hostname:MacBook-Air-2.local,timestamp:null
2022-04-03T12:21:50,330 - WorkerThreadTime.ms:1056|#Level:Host|#hostname:MacBook-Air-2.local,timestamp:null
2022-04-03T12:21:50,330 - WorkerThreadTime.ms:1002|#Level:Host|#hostname:MacBook-Air-2.local,timestamp:null
2022-04-03T12:21:50,330 - WorkerThreadTime.ms:990|#Level:Host|#hostname:MacBook-Air-2.local,timestamp:null
2022-04-03T12:21:50,330 - WorkerThreadTime.ms:1030|#Level:Host|#hostname:MacBook-Air-2.local,timestamp:null
2022-04-03T12:21:50,331 - WorkerThreadTime.ms:1003|#Level:Host|#hostname:MacBook-Air-2.local,timestamp:null
2022-04-03T12:21:50,331 - WorkerThreadTime.ms:984|#Level:Host|#hostname:MacBook-Air-2.local,timestamp:null
2022-04-03T12:21:50,331 - WorkerThreadTime.ms:1029|#Level:Host|#hostname:MacBook-Air-2.local,timestamp:null
2022-04-03T12:21:56,342 - Requests2XX.Count:1|#Level:Host|#hostname:MacBook-Air-2.local,timestamp:null
2022-04-03T12:21:56,343 - QueueTime.ms:0|#Level:Host|#hostname:MacBook-Air-2.local,timestamp:null
2022-04-03T12:21:56,343 - WorkerThreadTime.ms:23|#Level:Host|#hostname:MacBook-Air-2.local,timestamp:null
2022-04-03T12:22:16,013 - CPUUtilization.Percent:0.0|#Level:Host|#hostname:MacBook-Air-2.local,timestamp:1648956136
2022-04-03T12:22:16,014 - DiskAvailable.Gigabytes:102.27025985717773|#Level:Host|#hostname:MacBook-Air-2.local,timestamp:1648956136
2022-04-03T12:22:16,015 - DiskUsage.Gigabytes:126.00360488891602|#Level:Host|#hostname:MacBook-Air-2.local,timestamp:1648956136
2022-04-03T12:22:16,015 - DiskUtilization.Percent:55.2|#Level:Host|#hostname:MacBook-Air-2.local,timestamp:1648956136
2022-04-03T12:22:16,015 - MemoryAvailable.Megabytes:1561.28125|#Level:Host|#hostname:MacBook-Air-2.local,timestamp:1648956136
2022-04-03T12:22:16,015 - MemoryUsed.Megabytes:2802.890625|#Level:Host|#hostname:MacBook-Air-2.local,timestamp:1648956136
2022-04-03T12:22:16,015 - MemoryUtilization.Percent:80.9|#Level:Host|#hostname:MacBook-Air-2.local,timestamp:1648956136
2022-04-03T12:22:32,572 - Requests5XX.Count:1|#Level:Host|#hostname:MacBook-Air-2.local,timestamp:null
2022-04-03T12:22:43,837 - W-9005-my_tc_1.0.ms:89698|#Level:Host|#hostname:MacBook-Air-2.local,timestamp:1648956163
2022-04-03T12:22:43,838 - WorkerThreadTime.ms:43|#Level:Host|#hostname:MacBook-Air-2.local,timestamp:null
2022-04-03T12:23:15,503 - CPUUtilization.Percent:0.0|#Level:Host|#hostname:MacBook-Air-2.local,timestamp:1648956195
2022-04-03T12:23:15,506 - DiskAvailable.Gigabytes:102.26641082763672|#Level:Host|#hostname:MacBook-Air-2.local,timestamp:1648956195
2022-04-03T12:23:15,512 - DiskUsage.Gigabytes:126.00745391845703|#Level:Host|#hostname:MacBook-Air-2.local,timestamp:1648956195
2022-04-03T12:23:15,513 - DiskUtilization.Percent:55.2|#Level:Host|#hostname:MacBook-Air-2.local,timestamp:1648956195
2022-04-03T12:23:15,513 - MemoryAvailable.Megabytes:1452.09375|#Level:Host|#hostname:MacBook-Air-2.local,timestamp:1648956195
2022-04-03T12:23:15,513 - MemoryUsed.Megabytes:2729.015625|#Level:Host|#hostname:MacBook-Air-2.local,timestamp:1648956195
2022-04-03T12:23:15,513 - MemoryUtilization.Percent:82.3|#Level:Host|#hostname:MacBook-Air-2.local,timestamp:1648956195
2022-04-03T12:23:23,015 - Requests5XX.Count:1|#Level:Host|#hostname:MacBook-Air-2.local,timestamp:null
2022-04-03T12:23:34,161 - W-9003-my_tc_1.0.ms:140023|#Level:Host|#hostname:MacBook-Air-2.local,timestamp:1648956214
2022-04-03T12:23:34,162 - WorkerThreadTime.ms:42|#Level:Host|#hostname:MacBook-Air-2.local,timestamp:null
2022-04-03T12:23:36,783 - Requests2XX.Count:1|#Level:Host|#hostname:MacBook-Air-2.local,timestamp:null
2022-04-03T12:23:36,783 - QueueTime.ms:0|#Level:Host|#hostname:MacBook-Air-2.local,timestamp:null
2022-04-03T12:23:36,783 - WorkerThreadTime.ms:11|#Level:Host|#hostname:MacBook-Air-2.local,timestamp:null
2022-04-03T12:24:05,947 - Requests5XX.Count:1|#Level:Host|#hostname:MacBook-Air-2.local,timestamp:null
2022-04-03T12:24:06,923 - Requests5XX.Count:1|#Level:Host|#hostname:MacBook-Air-2.local,timestamp:null
2022-04-03T12:24:08,853 - Requests5XX.Count:1|#Level:Host|#hostname:MacBook-Air-2.local,timestamp:null
2022-04-03T12:24:15,529 - CPUUtilization.Percent:0.0|#Level:Host|#hostname:MacBook-Air-2.local,timestamp:1648956255
2022-04-03T12:24:15,531 - DiskAvailable.Gigabytes:103.26704025268555|#Level:Host|#hostname:MacBook-Air-2.local,timestamp:1648956255
2022-04-03T12:24:15,531 - DiskUsage.Gigabytes:125.0068244934082|#Level:Host|#hostname:MacBook-Air-2.local,timestamp:1648956255
2022-04-03T12:24:15,531 - DiskUtilization.Percent:54.8|#Level:Host|#hostname:MacBook-Air-2.local,timestamp:1648956255
2022-04-03T12:24:15,531 - MemoryAvailable.Megabytes:1819.453125|#Level:Host|#hostname:MacBook-Air-2.local,timestamp:1648956255
2022-04-03T12:24:15,531 - MemoryUsed.Megabytes:2931.703125|#Level:Host|#hostname:MacBook-Air-2.local,timestamp:1648956255
2022-04-03T12:24:15,532 - MemoryUtilization.Percent:77.8|#Level:Host|#hostname:MacBook-Air-2.local,timestamp:1648956255
2022-04-03T12:24:17,465 - W-9002-my_tc_1.0.ms:183327|#Level:Host|#hostname:MacBook-Air-2.local,timestamp:1648956257
2022-04-03T12:24:17,465 - WorkerThreadTime.ms:12|#Level:Host|#hostname:MacBook-Air-2.local,timestamp:null
2022-04-03T12:24:17,628 - W-9007-my_tc_1.0.ms:183486|#Level:Host|#hostname:MacBook-Air-2.local,timestamp:1648956257
2022-04-03T12:24:17,628 - WorkerThreadTime.ms:4|#Level:Host|#hostname:MacBook-Air-2.local,timestamp:null
2022-04-03T12:24:19,763 - W-9004-my_tc_1.0.ms:185623|#Level:Host|#hostname:MacBook-Air-2.local,timestamp:1648956259
2022-04-03T12:24:19,763 - WorkerThreadTime.ms:14|#Level:Host|#hostname:MacBook-Air-2.local,timestamp:null
2022-04-03T12:24:21,457 - Requests5XX.Count:1|#Level:Host|#hostname:MacBook-Air-2.local,timestamp:null
2022-04-03T12:24:23,861 - Requests5XX.Count:1|#Level:Host|#hostname:MacBook-Air-2.local,timestamp:null
2022-04-03T12:24:25,889 - Requests2XX.Count:1|#Level:Host|#hostname:MacBook-Air-2.local,timestamp:null
2022-04-03T12:24:25,891 - QueueTime.ms:0|#Level:Host|#hostname:MacBook-Air-2.local,timestamp:null
2022-04-03T12:24:25,893 - WorkerThreadTime.ms:8|#Level:Host|#hostname:MacBook-Air-2.local,timestamp:null
2022-04-03T12:24:33,288 - W-9006-my_tc_1.0.ms:199148|#Level:Host|#hostname:MacBook-Air-2.local,timestamp:1648956273
2022-04-03T12:24:33,288 - WorkerThreadTime.ms:5|#Level:Host|#hostname:MacBook-Air-2.local,timestamp:null
2022-04-03T12:24:34,834 - W-9000-my_tc_1.0.ms:200703|#Level:Host|#hostname:MacBook-Air-2.local,timestamp:1648956274
2022-04-03T12:24:34,834 - WorkerThreadTime.ms:24|#Level:Host|#hostname:MacBook-Air-2.local,timestamp:null
2022-04-03T12:24:51,550 - Requests2XX.Count:1|#Level:Host|#hostname:MacBook-Air-2.local,timestamp:null
2022-04-03T12:24:51,550 - QueueTime.ms:1|#Level:Host|#hostname:MacBook-Air-2.local,timestamp:null
2022-04-03T12:24:51,550 - WorkerThreadTime.ms:6|#Level:Host|#hostname:MacBook-Air-2.local,timestamp:null
2022-04-03T12:25:16,006 - CPUUtilization.Percent:0.0|#Level:Host|#hostname:MacBook-Air-2.local,timestamp:1648956316
2022-04-03T12:25:16,007 - DiskAvailable.Gigabytes:103.26204681396484|#Level:Host|#hostname:MacBook-Air-2.local,timestamp:1648956316
2022-04-03T12:25:16,008 - DiskUsage.Gigabytes:125.0118179321289|#Level:Host|#hostname:MacBook-Air-2.local,timestamp:1648956316
2022-04-03T12:25:16,008 - DiskUtilization.Percent:54.8|#Level:Host|#hostname:MacBook-Air-2.local,timestamp:1648956316
2022-04-03T12:25:16,008 - MemoryAvailable.Megabytes:1417.171875|#Level:Host|#hostname:MacBook-Air-2.local,timestamp:1648956316
2022-04-03T12:25:16,008 - MemoryUsed.Megabytes:2655.140625|#Level:Host|#hostname:MacBook-Air-2.local,timestamp:1648956316
2022-04-03T12:25:16,008 - MemoryUtilization.Percent:82.7|#Level:Host|#hostname:MacBook-Air-2.local,timestamp:1648956316
2022-04-03T12:25:37,353 - Requests2XX.Count:1|#Level:Host|#hostname:MacBook-Air-2.local,timestamp:null
2022-04-03T12:25:37,354 - QueueTime.ms:0|#Level:Host|#hostname:MacBook-Air-2.local,timestamp:null
2022-04-03T12:25:37,354 - WorkerThreadTime.ms:4|#Level:Host|#hostname:MacBook-Air-2.local,timestamp:null
2022-04-03T12:28:46,532 - CPUUtilization.Percent:100.0|#Level:Host|#hostname:MacBook-Air-2.local,timestamp:1648956526
2022-04-03T12:28:46,538 - DiskAvailable.Gigabytes:103.26285934448242|#Level:Host|#hostname:MacBook-Air-2.local,timestamp:1648956526
2022-04-03T12:28:46,538 - DiskUsage.Gigabytes:125.01100540161133|#Level:Host|#hostname:MacBook-Air-2.local,timestamp:1648956526
2022-04-03T12:28:46,539 - DiskUtilization.Percent:54.8|#Level:Host|#hostname:MacBook-Air-2.local,timestamp:1648956526
2022-04-03T12:28:46,540 - MemoryAvailable.Megabytes:2968.671875|#Level:Host|#hostname:MacBook-Air-2.local,timestamp:1648956526
2022-04-03T12:28:46,540 - MemoryUsed.Megabytes:4268.984375|#Level:Host|#hostname:MacBook-Air-2.local,timestamp:1648956526
2022-04-03T12:28:46,541 - MemoryUtilization.Percent:63.8|#Level:Host|#hostname:MacBook-Air-2.local,timestamp:1648956526
2022-04-03T12:29:19,931 - W-9005-my_tc_1.0.ms:35572|#Level:Host|#hostname:MacBook-Air-2.local,timestamp:1648956559
2022-04-03T12:29:19,926 - W-9004-my_tc_1.0.ms:35574|#Level:Host|#hostname:MacBook-Air-2.local,timestamp:1648956559
2022-04-03T12:29:19,931 - W-9000-my_tc_1.0.ms:35590|#Level:Host|#hostname:MacBook-Air-2.local,timestamp:1648956559
2022-04-03T12:29:19,926 - W-9001-my_tc_1.0.ms:35582|#Level:Host|#hostname:MacBook-Air-2.local,timestamp:1648956559
2022-04-03T12:29:19,932 - W-9002-my_tc_1.0.ms:35589|#Level:Host|#hostname:MacBook-Air-2.local,timestamp:1648956559
2022-04-03T12:29:19,932 - W-9003-my_tc_1.0.ms:35581|#Level:Host|#hostname:MacBook-Air-2.local,timestamp:1648956559
2022-04-03T12:29:19,930 - W-9006-my_tc_1.0.ms:35572|#Level:Host|#hostname:MacBook-Air-2.local,timestamp:1648956559
2022-04-03T12:29:19,932 - W-9007-my_tc_1.0.ms:35576|#Level:Host|#hostname:MacBook-Air-2.local,timestamp:1648956559
2022-04-03T12:29:19,975 - WorkerThreadTime.ms:944|#Level:Host|#hostname:MacBook-Air-2.local,timestamp:null
2022-04-03T12:29:19,975 - WorkerThreadTime.ms:931|#Level:Host|#hostname:MacBook-Air-2.local,timestamp:null
2022-04-03T12:29:19,975 - WorkerThreadTime.ms:938|#Level:Host|#hostname:MacBook-Air-2.local,timestamp:null
2022-04-03T12:29:19,976 - WorkerThreadTime.ms:842|#Level:Host|#hostname:MacBook-Air-2.local,timestamp:null
2022-04-03T12:29:19,977 - WorkerThreadTime.ms:943|#Level:Host|#hostname:MacBook-Air-2.local,timestamp:null
2022-04-03T12:29:19,975 - WorkerThreadTime.ms:936|#Level:Host|#hostname:MacBook-Air-2.local,timestamp:null
2022-04-03T12:29:19,977 - WorkerThreadTime.ms:846|#Level:Host|#hostname:MacBook-Air-2.local,timestamp:null
2022-04-03T12:29:19,976 - WorkerThreadTime.ms:853|#Level:Host|#hostname:MacBook-Air-2.local,timestamp:null
2022-04-03T12:29:47,948 - CPUUtilization.Percent:50.0|#Level:Host|#hostname:MacBook-Air-2.local,timestamp:1648956587
2022-04-03T12:29:47,956 - DiskAvailable.Gigabytes:102.26834106445312|#Level:Host|#hostname:MacBook-Air-2.local,timestamp:1648956587
2022-04-03T12:29:47,956 - DiskUsage.Gigabytes:126.00552368164062|#Level:Host|#hostname:MacBook-Air-2.local,timestamp:1648956587
2022-04-03T12:29:47,957 - DiskUtilization.Percent:55.2|#Level:Host|#hostname:MacBook-Air-2.local,timestamp:1648956587
2022-04-03T12:29:47,957 - MemoryAvailable.Megabytes:1309.234375|#Level:Host|#hostname:MacBook-Air-2.local,timestamp:1648956587
2022-04-03T12:29:47,957 - MemoryUsed.Megabytes:2514.59375|#Level:Host|#hostname:MacBook-Air-2.local,timestamp:1648956587
2022-04-03T12:29:47,958 - MemoryUtilization.Percent:84.0|#Level:Host|#hostname:MacBook-Air-2.local,timestamp:1648956587
2022-04-03T12:29:54,445 - Requests2XX.Count:1|#Level:Host|#hostname:MacBook-Air-2.local,timestamp:null
2022-04-03T12:29:54,445 - QueueTime.ms:0|#Level:Host|#hostname:MacBook-Air-2.local,timestamp:null
2022-04-03T12:29:54,445 - WorkerThreadTime.ms:16|#Level:Host|#hostname:MacBook-Air-2.local,timestamp:null
2022-04-03T12:30:07,465 - Requests2XX.Count:1|#Level:Host|#hostname:MacBook-Air-2.local,timestamp:null
2022-04-03T12:30:07,466 - QueueTime.ms:0|#Level:Host|#hostname:MacBook-Air-2.local,timestamp:null
2022-04-03T12:30:07,466 - WorkerThreadTime.ms:15|#Level:Host|#hostname:MacBook-Air-2.local,timestamp:null
2022-04-03T12:30:22,947 - Requests2XX.Count:1|#Level:Host|#hostname:MacBook-Air-2.local,timestamp:null
2022-04-03T12:30:22,948 - QueueTime.ms:0|#Level:Host|#hostname:MacBook-Air-2.local,timestamp:null
2022-04-03T12:30:22,948 - WorkerThreadTime.ms:8|#Level:Host|#hostname:MacBook-Air-2.local,timestamp:null
2022-04-03T12:30:46,502 - CPUUtilization.Percent:0.0|#Level:Host|#hostname:MacBook-Air-2.local,timestamp:1648956646
2022-04-03T12:30:46,504 - DiskAvailable.Gigabytes:102.26673126220703|#Level:Host|#hostname:MacBook-Air-2.local,timestamp:1648956646
2022-04-03T12:30:46,504 - DiskUsage.Gigabytes:126.00713348388672|#Level:Host|#hostname:MacBook-Air-2.local,timestamp:1648956646
2022-04-03T12:30:46,504 - DiskUtilization.Percent:55.2|#Level:Host|#hostname:MacBook-Air-2.local,timestamp:1648956646
2022-04-03T12:30:46,504 - MemoryAvailable.Megabytes:1423.765625|#Level:Host|#hostname:MacBook-Air-2.local,timestamp:1648956646
2022-04-03T12:30:46,505 - MemoryUsed.Megabytes:2587.25|#Level:Host|#hostname:MacBook-Air-2.local,timestamp:1648956646
2022-04-03T12:30:46,505 - MemoryUtilization.Percent:82.6|#Level:Host|#hostname:MacBook-Air-2.local,timestamp:1648956646
2022-04-03T12:31:46,506 - CPUUtilization.Percent:0.0|#Level:Host|#hostname:MacBook-Air-2.local,timestamp:1648956706
2022-04-03T12:31:46,508 - DiskAvailable.Gigabytes:102.26560592651367|#Level:Host|#hostname:MacBook-Air-2.local,timestamp:1648956706
2022-04-03T12:31:46,509 - DiskUsage.Gigabytes:126.00825881958008|#Level:Host|#hostname:MacBook-Air-2.local,timestamp:1648956706
2022-04-03T12:31:46,509 - DiskUtilization.Percent:55.2|#Level:Host|#hostname:MacBook-Air-2.local,timestamp:1648956706
2022-04-03T12:31:46,509 - MemoryAvailable.Megabytes:1407.46875|#Level:Host|#hostname:MacBook-Air-2.local,timestamp:1648956706
2022-04-03T12:31:46,510 - MemoryUsed.Megabytes:2605.734375|#Level:Host|#hostname:MacBook-Air-2.local,timestamp:1648956706
2022-04-03T12:31:46,510 - MemoryUtilization.Percent:82.8|#Level:Host|#hostname:MacBook-Air-2.local,timestamp:1648956706
